<?xml version="1.0" encoding="UTF-8"?>
<testng-results ignored="0" total="1" passed="1" failed="0" skipped="0">
  <reporter-output>
  </reporter-output>
  <suite started-at="2024-12-22T00:08:49 IST" name="Default suite" finished-at="2024-12-22T00:09:13 IST" duration-ms="24665">
    <groups>
    </groups>
    <test started-at="2024-12-22T00:08:49 IST" name="Default test" finished-at="2024-12-22T00:09:13 IST" duration-ms="24665">
      <class name="fi.testing.sele_test">
        <test-method is-config="true" signature="before()[pri:0, instance:fi.testing.sele_test@2b71e916]" started-at="2024-12-22T00:08:49 IST" name="before" finished-at="2024-12-22T00:08:54 IST" duration-ms="5137" status="PASS">
          <reporter-output>
          </reporter-output>
        </test-method> <!-- before -->
        <test-method signature="test()[pri:0, instance:fi.testing.sele_test@2b71e916]" started-at="2024-12-22T00:08:54 IST" name="test" finished-at="2024-12-22T00:09:13 IST" duration-ms="19040" status="PASS">
          <reporter-output>
          </reporter-output>
        </test-method> <!-- test -->
        <test-method is-config="true" signature="after()[pri:0, instance:fi.testing.sele_test@2b71e916]" started-at="2024-12-22T00:09:13 IST" name="after" finished-at="2024-12-22T00:09:13 IST" duration-ms="423" status="PASS">
          <reporter-output>
          </reporter-output>
        </test-method> <!-- after -->
      </class> <!-- fi.testing.sele_test -->
    </test> <!-- Default test -->
  </suite> <!-- Default suite -->
</testng-results>
